<?xml version="1.0" encoding="UTF-8"?>
<!-- Generated by org.testng.reporters.JUnitReportReporter -->
<testsuite hostname="DESKTOP-6E7DQE5" failures="0" tests="3" name="com.swag.ui.functionalTests.Swag_NegativeTests" time="7.219" errors="0" timestamp="2023-09-14T11:06:51 CDT" skipped="0">
  <testcase classname="com.swag.ui.functionalTests.Swag_NegativeTests" name="validateRemoveCart_InvalidUser" time="2.566">
    <system-out>
      <![CDATA[Successfully logged in With Problem User
Product Name :: Sauce Labs Backpack
Product Description :: carry.allTheThings() with the sleek, streamlined Sly Pack that melds uncompromising style with unequaled laptop and tablet protection.
Product Price :: $29.99
Product Price :: $29.99
Product Name :: Sauce Labs Backpack
Product Description :: carry.allTheThings() with the sleek, streamlined Sly Pack that melds uncompromising style with unequaled laptop and tablet protection.
Product Price :: $29.99
Adding product to Cart
removeCart is displayed
Removing product from cart
removeCart is displayed
Unable to Remove Product from Cart]]>
    </system-out>
  </testcase> <!-- validateRemoveCart_InvalidUser -->
  <testcase classname="com.swag.ui.functionalTests.Swag_NegativeTests" name="validateLockedUser" time="2.084">
    <system-out>
      <![CDATA[Tried to loggin with Locked User
actual  :: Epic sadface: Sorry, this user has been locked out.  expected :: Epic sadface: Sorry, this user has been locked out.
Verified Locked user login]]>
    </system-out>
  </testcase> <!-- validateLockedUser -->
  <testcase classname="com.swag.ui.functionalTests.Swag_NegativeTests" name="validateRemoveCart" time="2.569">
    <system-out>
      <![CDATA[Successfully logged in With Valid User
Product Name :: Sauce Labs Backpack
Product Description :: carry.allTheThings() with the sleek, streamlined Sly Pack that melds uncompromising style with unequaled laptop and tablet protection.
Product Price :: $29.99
Product Price :: $29.99
Product Name :: Sauce Labs Backpack
Product Description :: carry.allTheThings() with the sleek, streamlined Sly Pack that melds uncompromising style with unequaled laptop and tablet protection.
Product Price :: $29.99
Adding product to Cart
removeCart is displayed
Removing product from cart
Add to cart is displayed
Successfully verified add to cart and remove cart ]]>
    </system-out>
  </testcase> <!-- validateRemoveCart -->
  <system-out>
    <![CDATA[Successfully logged in With Valid User
Product Name :: Sauce Labs Backpack
Product Description :: carry.allTheThings() with the sleek, streamlined Sly Pack that melds uncompromising style with unequaled laptop and tablet protection.
Product Price :: $29.99
Product Price :: $29.99
Product Name :: Sauce Labs Backpack
Product Description :: carry.allTheThings() with the sleek, streamlined Sly Pack that melds uncompromising style with unequaled laptop and tablet protection.
Product Price :: $29.99
Adding product to Cart
removeCart is displayed
clicking on cart
Product Name :: Sauce Labs Backpack
Product Description :: carry.allTheThings() with the sleek, streamlined Sly Pack that melds uncompromising style with unequaled laptop and tablet protection.
Product Price :: $29.99
Product Price :: $29.99
Clicking on checkout
Filling User details
Order number is created :: SauceCard #31337
Product Name :: Sauce Labs Backpack
Product Description :: carry.allTheThings() with the sleek, streamlined Sly Pack that melds uncompromising style with unequaled laptop and tablet protection.
Product Price :: $29.99
Product Price :: $29.99
Clciking on Finish Button
Actual :: Thank you for your order! -- Expected :: Thank you for your order!
**** SuccessFully Browser closed****
Successfully logged in With Valid User
Getting current Url :: https://www.saucedemo.com/inventory.html
actual :: https://www.saucedemo.com/inventory.html Expected :: https://www.saucedemo.com/inventory.html
**** SuccessFully Browser closed****
Successfully logged in With Valid User
**** SuccessFully Logged in ****
Product Name :: Sauce Labs Backpack
Product Description :: carry.allTheThings() with the sleek, streamlined Sly Pack that melds uncompromising style with unequaled laptop and tablet protection.
Product Price :: $29.99
Product Price :: $29.99
Verified Product details are visible
**** SuccessFully Browser closed****
Tried to loggin with Locked User
actual  :: Epic sadface: Sorry, this user has been locked out.  expected :: Epic sadface: Sorry, this user has been locked out.
Verified Locked user login
**** SuccessFully Browser closed****
Successfully logged in With Valid User
Product Name :: Sauce Labs Backpack
Product Description :: carry.allTheThings() with the sleek, streamlined Sly Pack that melds uncompromising style with unequaled laptop and tablet protection.
Product Price :: $29.99
Product Price :: $29.99
Product Name :: Sauce Labs Backpack
Product Description :: carry.allTheThings() with the sleek, streamlined Sly Pack that melds uncompromising style with unequaled laptop and tablet protection.
Product Price :: $29.99
Adding product to Cart
removeCart is displayed
Removing product from cart
Add to cart is displayed
Successfully verified add to cart and remove cart 
**** SuccessFully Browser closed****
Successfully logged in With Problem User
Product Name :: Sauce Labs Backpack
Product Description :: carry.allTheThings() with the sleek, streamlined Sly Pack that melds uncompromising style with unequaled laptop and tablet protection.
Product Price :: $29.99
Product Price :: $29.99
Product Name :: Sauce Labs Backpack
Product Description :: carry.allTheThings() with the sleek, streamlined Sly Pack that melds uncompromising style with unequaled laptop and tablet protection.
Product Price :: $29.99
Adding product to Cart
removeCart is displayed
Removing product from cart
removeCart is displayed
Unable to Remove Product from Cart
**** SuccessFully Browser closed****]]>
  </system-out>
</testsuite> <!-- com.swag.ui.functionalTests.Swag_NegativeTests -->
